# JRE version: Java(TM) SE Runtime Environment (8.0_152-b16) (build 1.8.0_152-b16)
# Java VM: Dynamic Code Evolution 64-Bit Server VM (25.71-b01-dcevmlight-30 mixed mode windows-amd64 compressed oops)
Heap:
 def new generation   total 39424K, used 21633K [0x0000000081a00000, 0x00000000844c0000, 0x00000000abc00000)
  eden space 35072K,  56% used [0x0000000081a00000, 0x0000000082d40518, 0x0000000083c40000)
  from space 4352K,  44% used [0x0000000084080000, 0x0000000084260100, 0x00000000844c0000)
  to   space 4352K,   0% used [0x0000000083c40000, 0x0000000083c40000, 0x0000000084080000)
 tenured generation   total 87424K, used 30887K [0x00000000abc00000, 0x00000000b1160000, 0x0000000100000000)
   the space 87424K,  35% used [0x00000000abc00000, 0x00000000ada29c50, 0x00000000ada29e00, 0x00000000b1160000)
 Metaspace       used 64191K, capacity 65494K, committed 65704K, reserved 1105920K
  class space    used 8301K, capacity 8540K, committed 8624K, reserved 1048576K
GC Heap History (10 events):
Event: 150.895 GC heap before
{Heap before GC invocations=72 (full 3):
 def new generation   total 39424K, used 36139K [0x0000000081a00000, 0x00000000844c0000, 0x00000000abc00000)
  eden space 35072K, 100% used [0x0000000081a00000, 0x0000000083c40000, 0x0000000083c40000)
  from space 4352K,  24% used [0x0000000083c40000, 0x0000000083d4acf0, 0x0000000084080000)
  to   space 4352K,   0% used [0x0000000084080000, 0x0000000084080000, 0x00000000844c0000)
 tenured generation   total 87424K, used 30172K [0x00000000abc00000, 0x00000000b1160000, 0x0000000100000000)
   the space 87424K,  34% used [0x00000000abc00000, 0x00000000ad977138, 0x00000000ad977200, 0x00000000b1160000)
 Metaspace       used 59858K, capacity 60356K, committed 60824K, reserved 1101824K
  class space    used 7728K, capacity 7865K, committed 7984K, reserved 1048576K
Event: 150.901 GC heap after
Heap after GC invocations=73 (full 3):
 def new generation   total 39424K, used 1652K [0x0000000081a00000, 0x00000000844c0000, 0x00000000abc00000)
  eden space 35072K,   0% used [0x0000000081a00000, 0x0000000081a00000, 0x0000000083c40000)
  from space 4352K,  37% used [0x0000000084080000, 0x000000008421d1e8, 0x00000000844c0000)
  to   space 4352K,   0% used [0x0000000083c40000, 0x0000000083c40000, 0x0000000084080000)
 tenured generation   total 87424K, used 30172K [0x00000000abc00000, 0x00000000b1160000, 0x0000000100000000)
   the space 87424K,  34% used [0x00000000abc00000, 0x00000000ad977138, 0x00000000ad977200, 0x00000000b1160000)
 Metaspace       used 59858K, capacity 60356K, committed 60824K, reserved 1101824K
  class space    used 7728K, capacity 7865K, committed 7984K, reserved 1048576K
}
Event: 175.934 GC heap before
{Heap before GC invocations=73 (full 3):
 def new generation   total 39424K, used 36724K [0x0000000081a00000, 0x00000000844c0000, 0x00000000abc00000)
  eden space 35072K, 100% used [0x0000000081a00000, 0x0000000083c40000, 0x0000000083c40000)
  from space 4352K,  37% used [0x0000000084080000, 0x000000008421d1e8, 0x00000000844c0000)
  to   space 4352K,   0% used [0x0000000083c40000, 0x0000000083c40000, 0x0000000084080000)
 tenured generation   total 87424K, used 30172K [0x00000000abc00000, 0x00000000b1160000, 0x0000000100000000)
   the space 87424K,  34% used [0x00000000abc00000, 0x00000000ad977138, 0x00000000ad977200, 0x00000000b1160000)
 Metaspace       used 60738K, capacity 61338K, committed 61864K, reserved 1103872K
  class space    used 7853K, capacity 7988K, committed 8112K, reserved 1048576K
Event: 175.943 GC heap after
Heap after GC invocations=74 (full 3):
 def new generation   total 39424K, used 2033K [0x0000000081a00000, 0x00000000844c0000, 0x00000000abc00000)
  eden space 35072K,   0% used [0x0000000081a00000, 0x0000000081a00000, 0x0000000083c40000)
  from space 4352K,  46% used [0x0000000083c40000, 0x0000000083e3c470, 0x0000000084080000)
  to   space 4352K,   0% used [0x0000000084080000, 0x0000000084080000, 0x00000000844c0000)
 tenured generation   total 87424K, used 30172K [0x00000000abc00000, 0x00000000b1160000, 0x0000000100000000)
   the space 87424K,  34% used [0x00000000abc00000, 0x00000000ad977138, 0x00000000ad977200, 0x00000000b1160000)
 Metaspace       used 60738K, capacity 61338K, committed 61864K, reserved 1103872K
  class space    used 7853K, capacity 7988K, committed 8112K, reserved 1048576K
}
Event: 182.248 GC heap before
{Heap before GC invocations=74 (full 3):
 def new generation   total 39424K, used 37105K [0x0000000081a00000, 0x00000000844c0000, 0x00000000abc00000)
  eden space 35072K, 100% used [0x0000000081a00000, 0x0000000083c40000, 0x0000000083c40000)
  from space 4352K,  46% used [0x0000000083c40000, 0x0000000083e3c470, 0x0000000084080000)
  to   space 4352K,   0% used [0x0000000084080000, 0x0000000084080000, 0x00000000844c0000)
 tenured generation   total 87424K, used 30172K [0x00000000abc00000, 0x00000000b1160000, 0x0000000100000000)
   the space 87424K,  34% used [0x00000000abc00000, 0x00000000ad977138, 0x00000000ad977200, 0x00000000b1160000)
 Metaspace       used 61972K, capacity 62554K, committed 63016K, reserved 1103872K
  class space    used 7993K, capacity 8116K, committed 8240K, reserved 1048576K
Event: 182.258 GC heap after
Heap after GC invocations=75 (full 3):
 def new generation   total 39424K, used 2523K [0x0000000081a00000, 0x00000000844c0000, 0x00000000abc00000)
  eden space 35072K,   0% used [0x0000000081a00000, 0x0000000081a00000, 0x0000000083c40000)
  from space 4352K,  57% used [0x0000000084080000, 0x00000000842f6f58, 0x00000000844c0000)
  to   space 4352K,   0% used [0x0000000083c40000, 0x0000000083c40000, 0x0000000084080000)
 tenured generation   total 87424K, used 30172K [0x00000000abc00000, 0x00000000b1160000, 0x0000000100000000)
   the space 87424K,  34% used [0x00000000abc00000, 0x00000000ad977138, 0x00000000ad977200, 0x00000000b1160000)
 Metaspace       used 61972K, capacity 62554K, committed 63016K, reserved 1103872K
  class space    used 7993K, capacity 8116K, committed 8240K, reserved 1048576K
}
Event: 510.275 GC heap before
{Heap before GC invocations=75 (full 3):
 def new generation   total 39424K, used 37595K [0x0000000081a00000, 0x00000000844c0000, 0x00000000abc00000)
  eden space 35072K, 100% used [0x0000000081a00000, 0x0000000083c40000, 0x0000000083c40000)
  from space 4352K,  57% used [0x0000000084080000, 0x00000000842f6f58, 0x00000000844c0000)
  to   space 4352K,   0% used [0x0000000083c40000, 0x0000000083c40000, 0x0000000084080000)
 tenured generation   total 87424K, used 30172K [0x00000000abc00000, 0x00000000b1160000, 0x0000000100000000)
   the space 87424K,  34% used [0x00000000abc00000, 0x00000000ad977138, 0x00000000ad977200, 0x00000000b1160000)
 Metaspace       used 62826K, capacity 63904K, committed 63912K, reserved 1105920K
  class space    used 8145K, capacity 8367K, committed 8368K, reserved 1048576K
Event: 510.290 GC heap after
Heap after GC invocations=76 (full 3):
 def new generation   total 39424K, used 1702K [0x0000000081a00000, 0x00000000844c0000, 0x00000000abc00000)
  eden space 35072K,   0% used [0x0000000081a00000, 0x0000000081a00000, 0x0000000083c40000)
  from space 4352K,  39% used [0x0000000083c40000, 0x0000000083de9888, 0x0000000084080000)
  to   space 4352K,   0% used [0x0000000084080000, 0x0000000084080000, 0x00000000844c0000)
 tenured generation   total 87424K, used 30887K [0x00000000abc00000, 0x00000000b1160000, 0x0000000100000000)
   the space 87424K,  35% used [0x00000000abc00000, 0x00000000ada29c50, 0x00000000ada29e00, 0x00000000b1160000)
 Metaspace       used 62826K, capacity 63904K, committed 63912K, reserved 1105920K
  class space    used 8145K, capacity 8367K, committed 8368K, reserved 1048576K
}
Event: 974.315 GC heap before
{Heap before GC invocations=76 (full 3):
 def new generation   total 39424K, used 36774K [0x0000000081a00000, 0x00000000844c0000, 0x00000000abc00000)
  eden space 35072K, 100% used [0x0000000081a00000, 0x0000000083c40000, 0x0000000083c40000)
  from space 4352K,  39% used [0x0000000083c40000, 0x0000000083de9888, 0x0000000084080000)
  to   space 4352K,   0% used [0x0000000084080000, 0x0000000084080000, 0x00000000844c0000)
 tenured generation   total 87424K, used 30887K [0x00000000abc00000, 0x00000000b1160000, 0x0000000100000000)
   the space 87424K,  35% used [0x00000000abc00000, 0x00000000ada29c50, 0x00000000ada29e00, 0x00000000b1160000)
 Metaspace       used 63798K, capacity 65084K, committed 65192K, reserved 1105920K
  class space    used 8271K, capacity 8519K, committed 8624K, reserved 1048576K
Event: 974.326 GC heap after
Heap after GC invocations=77 (full 3):
 def new generation   total 39424K, used 1920K [0x0000000081a00000, 0x00000000844c0000, 0x00000000abc00000)
  eden space 35072K,   0% used [0x0000000081a00000, 0x0000000081a00000, 0x0000000083c40000)
  from space 4352K,  44% used [0x0000000084080000, 0x0000000084260100, 0x00000000844c0000)
  to   space 4352K,   0% used [0x0000000083c40000, 0x0000000083c40000, 0x0000000084080000)
 tenured generation   total 87424K, used 30887K [0x00000000abc00000, 0x00000000b1160000, 0x0000000100000000)
   the space 87424K,  35% used [0x00000000abc00000, 0x00000000ada29c50, 0x00000000ada29e00, 0x00000000b1160000)
 Metaspace       used 63798K, capacity 65084K, committed 65192K, reserved 1105920K
  class space    used 8271K, capacity 8519K, committed 8624K, reserved 1048576K
}

