# JRE version: Java(TM) SE Runtime Environment (8.0_152-b16) (build 1.8.0_152-b16)
# Java VM: Dynamic Code Evolution 64-Bit Server VM (25.71-b01-dcevmlight-30 mixed mode windows-amd64 compressed oops)
Heap:
 def new generation   total 39424K, used 17336K [0x0000000081a00000, 0x00000000844c0000, 0x00000000abc00000)
  eden space 35072K,  46% used [0x0000000081a00000, 0x0000000082a00780, 0x0000000083c40000)
  from space 4352K,  21% used [0x0000000084080000, 0x000000008416da90, 0x00000000844c0000)
  to   space 4352K,   0% used [0x0000000083c40000, 0x0000000083c40000, 0x0000000084080000)
 tenured generation   total 87424K, used 26647K [0x00000000abc00000, 0x00000000b1160000, 0x0000000100000000)
   the space 87424K,  30% used [0x00000000abc00000, 0x00000000ad605fd8, 0x00000000ad606000, 0x00000000b1160000)
 Metaspace       used 63927K, capacity 64716K, committed 65064K, reserved 1105920K
  class space    used 8254K, capacity 8443K, committed 8496K, reserved 1048576K
GC Heap History (10 events):
Event: 168.671 GC heap before
{Heap before GC invocations=73 (full 3):
 def new generation   total 39424K, used 36513K [0x0000000081a00000, 0x00000000844c0000, 0x00000000abc00000)
  eden space 35072K, 100% used [0x0000000081a00000, 0x0000000083c40000, 0x0000000083c40000)
  from space 4352K,  33% used [0x0000000084080000, 0x00000000841e87a8, 0x00000000844c0000)
  to   space 4352K,   0% used [0x0000000083c40000, 0x0000000083c40000, 0x0000000084080000)
 tenured generation   total 87424K, used 29602K [0x00000000abc00000, 0x00000000b1160000, 0x0000000100000000)
   the space 87424K,  33% used [0x00000000abc00000, 0x00000000ad8e8800, 0x00000000ad8e8800, 0x00000000b1160000)
 Metaspace       used 60579K, capacity 61040K, committed 61736K, reserved 1103872K
  class space    used 7809K, capacity 7933K, committed 7984K, reserved 1048576K
Event: 168.681 GC heap after
Heap after GC invocations=74 (full 3):
 def new generation   total 39424K, used 1877K [0x0000000081a00000, 0x00000000844c0000, 0x00000000abc00000)
  eden space 35072K,   0% used [0x0000000081a00000, 0x0000000081a00000, 0x0000000083c40000)
  from space 4352K,  43% used [0x0000000083c40000, 0x0000000083e15470, 0x0000000084080000)
  to   space 4352K,   0% used [0x0000000084080000, 0x0000000084080000, 0x00000000844c0000)
 tenured generation   total 87424K, used 29602K [0x00000000abc00000, 0x00000000b1160000, 0x0000000100000000)
   the space 87424K,  33% used [0x00000000abc00000, 0x00000000ad8e8800, 0x00000000ad8e8800, 0x00000000b1160000)
 Metaspace       used 60579K, capacity 61040K, committed 61736K, reserved 1103872K
  class space    used 7809K, capacity 7933K, committed 7984K, reserved 1048576K
}
Event: 169.317 GC heap before
{Heap before GC invocations=74 (full 3):
 def new generation   total 39424K, used 36949K [0x0000000081a00000, 0x00000000844c0000, 0x00000000abc00000)
  eden space 35072K, 100% used [0x0000000081a00000, 0x0000000083c40000, 0x0000000083c40000)
  from space 4352K,  43% used [0x0000000083c40000, 0x0000000083e15470, 0x0000000084080000)
  to   space 4352K,   0% used [0x0000000084080000, 0x0000000084080000, 0x00000000844c0000)
 tenured generation   total 87424K, used 29602K [0x00000000abc00000, 0x00000000b1160000, 0x0000000100000000)
   the space 87424K,  33% used [0x00000000abc00000, 0x00000000ad8e8800, 0x00000000ad8e8800, 0x00000000b1160000)
 Metaspace       used 61595K, capacity 62164K, committed 62760K, reserved 1103872K
  class space    used 7984K, capacity 8115K, committed 8240K, reserved 1048576K
Event: 169.328 GC heap after
Heap after GC invocations=75 (full 3):
 def new generation   total 39424K, used 2460K [0x0000000081a00000, 0x00000000844c0000, 0x00000000abc00000)
  eden space 35072K,   0% used [0x0000000081a00000, 0x0000000081a00000, 0x0000000083c40000)
  from space 4352K,  56% used [0x0000000084080000, 0x00000000842e7250, 0x00000000844c0000)
  to   space 4352K,   0% used [0x0000000083c40000, 0x0000000083c40000, 0x0000000084080000)
 tenured generation   total 87424K, used 29602K [0x00000000abc00000, 0x00000000b1160000, 0x0000000100000000)
   the space 87424K,  33% used [0x00000000abc00000, 0x00000000ad8e8800, 0x00000000ad8e8800, 0x00000000b1160000)
 Metaspace       used 61595K, capacity 62164K, committed 62760K, reserved 1103872K
  class space    used 7984K, capacity 8115K, committed 8240K, reserved 1048576K
}
Event: 228.032 GC heap before
{Heap before GC invocations=75 (full 3):
 def new generation   total 39424K, used 37532K [0x0000000081a00000, 0x00000000844c0000, 0x00000000abc00000)
  eden space 35072K, 100% used [0x0000000081a00000, 0x0000000083c40000, 0x0000000083c40000)
  from space 4352K,  56% used [0x0000000084080000, 0x00000000842e7250, 0x00000000844c0000)
  to   space 4352K,   0% used [0x0000000083c40000, 0x0000000083c40000, 0x0000000084080000)
 tenured generation   total 87424K, used 29602K [0x00000000abc00000, 0x00000000b1160000, 0x0000000100000000)
   the space 87424K,  33% used [0x00000000abc00000, 0x00000000ad8e8800, 0x00000000ad8e8800, 0x00000000b1160000)
 Metaspace       used 62958K, capacity 63552K, committed 63912K, reserved 1105920K
  class space    used 8124K, capacity 8277K, committed 8368K, reserved 1048576K
Event: 228.042 GC heap after
Heap after GC invocations=76 (full 3):
 def new generation   total 39424K, used 2013K [0x0000000081a00000, 0x00000000844c0000, 0x00000000abc00000)
  eden space 35072K,   0% used [0x0000000081a00000, 0x0000000081a00000, 0x0000000083c40000)
  from space 4352K,  46% used [0x0000000083c40000, 0x0000000083e37570, 0x0000000084080000)
  to   space 4352K,   0% used [0x0000000084080000, 0x0000000084080000, 0x00000000844c0000)
 tenured generation   total 87424K, used 30409K [0x00000000abc00000, 0x00000000b1160000, 0x0000000100000000)
   the space 87424K,  34% used [0x00000000abc00000, 0x00000000ad9b25c8, 0x00000000ad9b2600, 0x00000000b1160000)
 Metaspace       used 62958K, capacity 63552K, committed 63912K, reserved 1105920K
  class space    used 8124K, capacity 8277K, committed 8368K, reserved 1048576K
}
Event: 859.016 GC heap before
{Heap before GC invocations=76 (full 3):
 def new generation   total 39424K, used 20904K [0x0000000081a00000, 0x00000000844c0000, 0x00000000abc00000)
  eden space 35072K,  53% used [0x0000000081a00000, 0x0000000082c72bd8, 0x0000000083c40000)
  from space 4352K,  46% used [0x0000000083c40000, 0x0000000083e37570, 0x0000000084080000)
  to   space 4352K,   0% used [0x0000000084080000, 0x0000000084080000, 0x00000000844c0000)
 tenured generation   total 87424K, used 30409K [0x00000000abc00000, 0x00000000b1160000, 0x0000000100000000)
   the space 87424K,  34% used [0x00000000abc00000, 0x00000000ad9b25c8, 0x00000000ad9b2600, 0x00000000b1160000)
 Metaspace       used 63321K, capacity 63910K, committed 64424K, reserved 1105920K
  class space    used 8175K, capacity 8310K, committed 8368K, reserved 1048576K
Event: 859.137 GC heap after
Heap after GC invocations=77 (full 4):
 def new generation   total 39424K, used 0K [0x0000000081a00000, 0x00000000844c0000, 0x00000000abc00000)
  eden space 35072K,   0% used [0x0000000081a00000, 0x0000000081a00000, 0x0000000083c40000)
  from space 4352K,   0% used [0x0000000083c40000, 0x0000000083c40000, 0x0000000084080000)
  to   space 4352K,   0% used [0x0000000084080000, 0x0000000084080000, 0x00000000844c0000)
 tenured generation   total 87424K, used 26647K [0x00000000abc00000, 0x00000000b1160000, 0x0000000100000000)
   the space 87424K,  30% used [0x00000000abc00000, 0x00000000ad605fd8, 0x00000000ad606000, 0x00000000b1160000)
 Metaspace       used 63268K, capacity 63814K, committed 64424K, reserved 1105920K
  class space    used 8155K, capacity 8278K, committed 8368K, reserved 1048576K
}
Event: 3089.254 GC heap before
{Heap before GC invocations=77 (full 4):
 def new generation   total 39424K, used 35072K [0x0000000081a00000, 0x00000000844c0000, 0x00000000abc00000)
  eden space 35072K, 100% used [0x0000000081a00000, 0x0000000083c40000, 0x0000000083c40000)
  from space 4352K,   0% used [0x0000000083c40000, 0x0000000083c40000, 0x0000000084080000)
  to   space 4352K,   0% used [0x0000000084080000, 0x0000000084080000, 0x00000000844c0000)
 tenured generation   total 87424K, used 26647K [0x00000000abc00000, 0x00000000b1160000, 0x0000000100000000)
   the space 87424K,  30% used [0x00000000abc00000, 0x00000000ad605fd8, 0x00000000ad606000, 0x00000000b1160000)
 Metaspace       used 63586K, capacity 64310K, committed 64808K, reserved 1105920K
  class space    used 8207K, capacity 8380K, committed 8496K, reserved 1048576K
Event: 3089.260 GC heap after
Heap after GC invocations=78 (full 4):
 def new generation   total 39424K, used 950K [0x0000000081a00000, 0x00000000844c0000, 0x00000000abc00000)
  eden space 35072K,   0% used [0x0000000081a00000, 0x0000000081a00000, 0x0000000083c40000)
  from space 4352K,  21% used [0x0000000084080000, 0x000000008416da90, 0x00000000844c0000)
  to   space 4352K,   0% used [0x0000000083c40000, 0x0000000083c40000, 0x0000000084080000)
 tenured generation   total 87424K, used 26647K [0x00000000abc00000, 0x00000000b1160000, 0x0000000100000000)
   the space 87424K,  30% used [0x00000000abc00000, 0x00000000ad605fd8, 0x00000000ad606000, 0x00000000b1160000)
 Metaspace       used 63586K, capacity 64310K, committed 64808K, reserved 1105920K
  class space    used 8207K, capacity 8380K, committed 8496K, reserved 1048576K
}

